<?xml version="1.0" encoding="UTF-8"?>
<testng-results ignored="0" total="1" passed="1" failed="0" skipped="0">
  <reporter-output>
  </reporter-output>
  <suite started-at="2025-11-28T20:04:49 GMT+03:00" name="Default suite" finished-at="2025-11-28T20:05:01 GMT+03:00" duration-ms="12261">
    <groups>
    </groups>
    <test started-at="2025-11-28T20:04:49 GMT+03:00" name="Default test" finished-at="2025-11-28T20:05:01 GMT+03:00" duration-ms="12261">
      <class name="authentication.ScreenShot">
        <test-method signature="takeScreenShotTest()[pri:0, instance:authentication.ScreenShot@636be97c]" started-at="2025-11-28T20:04:49 GMT+03:00" name="takeScreenShotTest" finished-at="2025-11-28T20:05:01 GMT+03:00" duration-ms="12066" status="PASS">
          <reporter-output>
          </reporter-output>
        </test-method> <!-- takeScreenShotTest -->
      </class> <!-- authentication.ScreenShot -->
    </test> <!-- Default test -->
  </suite> <!-- Default suite -->
</testng-results>
